<?xml version="1.0" encoding="UTF-8"?>
<!-- Generated by org.testng.reporters.JUnitReportReporter -->
<testsuite skipped="0" hostname="DDC2-L-CK99BH2" name="sample.HomePageTest" tests="3" failures="0" timestamp="13 Feb 2020 13:32:40 GMT" time="109.357" errors="0">
  <testcase name="verifyHomePageTitleTest" time="34.055" classname="sample.HomePageTest"/>
  <testcase name="verifyHomePageHeaderTest" time="37.188" classname="sample.HomePageTest"/>
  <testcase name="verifyLoggedInUserTest" time="38.114" classname="sample.HomePageTest"/>
</testsuite> <!-- sample.HomePageTest -->
